{"/Users/philxia/dev/react/reduxjs-redux-tree-view/src/actions/index.js": {"path":"/Users/philxia/dev/react/reduxjs-redux-tree-view/src/actions/index.js","statementMap":{"0":{"start":{"line":1,"column":25},"end":{"line":1,"column":36}},"1":{"start":{"line":2,"column":27},"end":{"line":2,"column":40}},"2":{"start":{"line":3,"column":27},"end":{"line":3,"column":40}},"3":{"start":{"line":4,"column":25},"end":{"line":4,"column":36}},"4":{"start":{"line":5,"column":28},"end":{"line":5,"column":42}},"5":{"start":{"line":6,"column":27},"end":{"line":6,"column":40}},"6":{"start":{"line":7,"column":29},"end":{"line":7,"column":44}},"7":{"start":{"line":9,"column":13},"end":{"line":9,"column":14}},"8":{"start":{"line":10,"column":26},"end":{"line":13,"column":2}},"9":{"start":{"line":10,"column":33},"end":{"line":13,"column":1}},"10":{"start":{"line":15,"column":26},"end":{"line":18,"column":2}},"11":{"start":{"line":15,"column":39},"end":{"line":18,"column":1}},"12":{"start":{"line":20,"column":24},"end":{"line":24,"column":2}},"13":{"start":{"line":20,"column":46},"end":{"line":24,"column":1}},"14":{"start":{"line":26,"column":27},"end":{"line":30,"column":2}},"15":{"start":{"line":26,"column":49},"end":{"line":30,"column":1}},"16":{"start":{"line":32,"column":26},"end":{"line":36,"column":2}},"17":{"start":{"line":32,"column":39},"end":{"line":36,"column":1}},"18":{"start":{"line":38,"column":28},"end":{"line":42,"column":2}},"19":{"start":{"line":38,"column":41},"end":{"line":42,"column":1}}},"fnMap":{"0":{"name":"(anonymous_0)","decl":{"start":{"line":10,"column":26},"end":{"line":10,"column":27}},"loc":{"start":{"line":10,"column":33},"end":{"line":13,"column":1}},"line":10},"1":{"name":"(anonymous_1)","decl":{"start":{"line":15,"column":26},"end":{"line":15,"column":27}},"loc":{"start":{"line":15,"column":39},"end":{"line":18,"column":1}},"line":15},"2":{"name":"(anonymous_2)","decl":{"start":{"line":20,"column":24},"end":{"line":20,"column":25}},"loc":{"start":{"line":20,"column":46},"end":{"line":24,"column":1}},"line":20},"3":{"name":"(anonymous_3)","decl":{"start":{"line":26,"column":27},"end":{"line":26,"column":28}},"loc":{"start":{"line":26,"column":49},"end":{"line":30,"column":1}},"line":26},"4":{"name":"(anonymous_4)","decl":{"start":{"line":32,"column":26},"end":{"line":32,"column":27}},"loc":{"start":{"line":32,"column":39},"end":{"line":36,"column":1}},"line":32},"5":{"name":"(anonymous_5)","decl":{"start":{"line":38,"column":28},"end":{"line":38,"column":29}},"loc":{"start":{"line":38,"column":41},"end":{"line":42,"column":1}},"line":38}},"branchMap":{},"s":{"0":2,"1":2,"2":2,"3":2,"4":2,"5":2,"6":2,"7":2,"8":2,"9":1,"10":2,"11":1,"12":2,"13":1,"14":2,"15":1,"16":2,"17":1,"18":2,"19":0},"f":{"0":1,"1":1,"2":1,"3":1,"4":1,"5":0},"b":{},"_coverageSchema":"1a1c01bbd47fc00a2c39e90264f33305004495a9","hash":"d065bbf886f71e3f43d37488710ba1561195b0f9"}
,"/Users/philxia/dev/react/reduxjs-redux-tree-view/src/containers/Node.js": {"path":"/Users/philxia/dev/react/reduxjs-redux-tree-view/src/containers/Node.js","statementMap":{"0":{"start":{"line":7,"column":36},"end":{"line":14,"column":3}},"1":{"start":{"line":8,"column":51},"end":{"line":8,"column":61}},"2":{"start":{"line":9,"column":4},"end":{"line":13,"column":5}},"3":{"start":{"line":10,"column":6},"end":{"line":10,"column":21}},"4":{"start":{"line":12,"column":6},"end":{"line":12,"column":23}},"5":{"start":{"line":16,"column":24},"end":{"line":22,"column":3}},"6":{"start":{"line":17,"column":4},"end":{"line":17,"column":22}},"7":{"start":{"line":19,"column":41},"end":{"line":19,"column":51}},"8":{"start":{"line":20,"column":20},"end":{"line":20,"column":39}},"9":{"start":{"line":21,"column":4},"end":{"line":21,"column":25}},"10":{"start":{"line":24,"column":22},"end":{"line":30,"column":3}},"11":{"start":{"line":25,"column":4},"end":{"line":25,"column":22}},"12":{"start":{"line":27,"column":54},"end":{"line":27,"column":64}},"13":{"start":{"line":28,"column":4},"end":{"line":28,"column":29}},"14":{"start":{"line":29,"column":4},"end":{"line":29,"column":18}},"15":{"start":{"line":32,"column":16},"end":{"line":39,"column":3}},"16":{"start":{"line":33,"column":19},"end":{"line":33,"column":29}},"17":{"start":{"line":34,"column":4},"end":{"line":38,"column":5}},"18":{"start":{"line":42,"column":58},"end":{"line":42,"column":68}},"19":{"start":{"line":43,"column":4},"end":{"line":68,"column":5}},"20":{"start":{"line":87,"column":22},"end":{"line":87,"column":87}},"21":{"start":{"line":87,"column":52},"end":{"line":87,"column":70}}},"fnMap":{"0":{"name":"(anonymous_0)","decl":{"start":{"line":7,"column":36},"end":{"line":7,"column":37}},"loc":{"start":{"line":7,"column":42},"end":{"line":14,"column":3}},"line":7},"1":{"name":"(anonymous_1)","decl":{"start":{"line":16,"column":24},"end":{"line":16,"column":25}},"loc":{"start":{"line":16,"column":29},"end":{"line":22,"column":3}},"line":16},"2":{"name":"(anonymous_2)","decl":{"start":{"line":24,"column":22},"end":{"line":24,"column":23}},"loc":{"start":{"line":24,"column":27},"end":{"line":30,"column":3}},"line":24},"3":{"name":"(anonymous_3)","decl":{"start":{"line":32,"column":16},"end":{"line":32,"column":17}},"loc":{"start":{"line":32,"column":27},"end":{"line":39,"column":3}},"line":32},"4":{"name":"(anonymous_4)","decl":{"start":{"line":41,"column":2},"end":{"line":41,"column":3}},"loc":{"start":{"line":41,"column":11},"end":{"line":69,"column":3}},"line":41},"5":{"name":"(anonymous_5)","decl":{"start":{"line":87,"column":30},"end":{"line":87,"column":31}},"loc":{"start":{"line":87,"column":51},"end":{"line":87,"column":71}},"line":87}},"branchMap":{"0":{"loc":{"start":{"line":9,"column":4},"end":{"line":13,"column":5}},"type":"if","locations":[{"start":{"line":9,"column":4},"end":{"line":13,"column":5}},{"start":{"line":9,"column":4},"end":{"line":13,"column":5}}],"line":9},"1":{"loc":{"start":{"line":48,"column":12},"end":{"line":48,"column":36}},"type":"cond-expr","locations":[{"start":{"line":48,"column":27},"end":{"line":48,"column":30}},{"start":{"line":48,"column":33},"end":{"line":48,"column":36}}],"line":48},"2":{"loc":{"start":{"line":51,"column":9},"end":{"line":55,"column":14}},"type":"binary-expr","locations":[{"start":{"line":51,"column":9},"end":{"line":51,"column":40}},{"start":{"line":52,"column":10},"end":{"line":55,"column":14}}],"line":51},"3":{"loc":{"start":{"line":58,"column":11},"end":{"line":58,"column":57}},"type":"binary-expr","locations":[{"start":{"line":58,"column":11},"end":{"line":58,"column":23}},{"start":{"line":58,"column":27},"end":{"line":58,"column":57}}],"line":58}},"s":{"0":9,"1":2,"2":2,"3":1,"4":1,"5":9,"6":2,"7":2,"8":2,"9":2,"10":9,"11":2,"12":2,"13":2,"14":2,"15":9,"16":2,"17":2,"18":9,"19":9,"20":1,"21":0},"f":{"0":2,"1":2,"2":2,"3":2,"4":9,"5":0},"b":{"0":[1,1],"1":[7,2],"2":[9,2],"3":[9,2]},"_coverageSchema":"1a1c01bbd47fc00a2c39e90264f33305004495a9","hash":"8b9af72167edf24da8073e2421f7f724101cc410"}
,"/Users/philxia/dev/react/reduxjs-redux-tree-view/src/reducers/index.js": {"path":"/Users/philxia/dev/react/reduxjs-redux-tree-view/src/reducers/index.js","statementMap":{"0":{"start":{"line":3,"column":17},"end":{"line":12,"column":1}},"1":{"start":{"line":4,"column":2},"end":{"line":11,"column":3}},"2":{"start":{"line":6,"column":6},"end":{"line":6,"column":41}},"3":{"start":{"line":8,"column":6},"end":{"line":8,"column":54}},"4":{"start":{"line":8,"column":32},"end":{"line":8,"column":53}},"5":{"start":{"line":10,"column":6},"end":{"line":10,"column":18}},"6":{"start":{"line":14,"column":13},"end":{"line":39,"column":1}},"7":{"start":{"line":15,"column":2},"end":{"line":38,"column":3}},"8":{"start":{"line":17,"column":6},"end":{"line":23,"column":7}},"9":{"start":{"line":26,"column":6},"end":{"line":29,"column":7}},"10":{"start":{"line":32,"column":6},"end":{"line":35,"column":7}},"11":{"start":{"line":37,"column":6},"end":{"line":37,"column":18}},"12":{"start":{"line":41,"column":28},"end":{"line":45,"column":1}},"13":{"start":{"line":42,"column":2},"end":{"line":44,"column":8}},"14":{"start":{"line":43,"column":4},"end":{"line":43,"column":63}},"15":{"start":{"line":47,"column":19},"end":{"line":51,"column":1}},"16":{"start":{"line":48,"column":2},"end":{"line":48,"column":22}},"17":{"start":{"line":49,"column":2},"end":{"line":49,"column":37}},"18":{"start":{"line":49,"column":20},"end":{"line":49,"column":36}},"19":{"start":{"line":50,"column":2},"end":{"line":50,"column":14}},"20":{"start":{"line":62,"column":21},"end":{"line":62,"column":27}},"21":{"start":{"line":63,"column":2},"end":{"line":65,"column":3}},"22":{"start":{"line":64,"column":4},"end":{"line":64,"column":16}},"23":{"start":{"line":67,"column":2},"end":{"line":70,"column":3}},"24":{"start":{"line":68,"column":26},"end":{"line":68,"column":60}},"25":{"start":{"line":69,"column":4},"end":{"line":69,"column":58}},"26":{"start":{"line":72,"column":2},"end":{"line":75,"column":3}}},"fnMap":{"0":{"name":"(anonymous_0)","decl":{"start":{"line":3,"column":17},"end":{"line":3,"column":18}},"loc":{"start":{"line":3,"column":36},"end":{"line":12,"column":1}},"line":3},"1":{"name":"(anonymous_1)","decl":{"start":{"line":8,"column":26},"end":{"line":8,"column":27}},"loc":{"start":{"line":8,"column":32},"end":{"line":8,"column":53}},"line":8},"2":{"name":"(anonymous_2)","decl":{"start":{"line":14,"column":13},"end":{"line":14,"column":14}},"loc":{"start":{"line":14,"column":32},"end":{"line":39,"column":1}},"line":14},"3":{"name":"(anonymous_3)","decl":{"start":{"line":41,"column":28},"end":{"line":41,"column":29}},"loc":{"start":{"line":42,"column":2},"end":{"line":44,"column":8}},"line":42},"4":{"name":"(anonymous_4)","decl":{"start":{"line":42,"column":32},"end":{"line":42,"column":33}},"loc":{"start":{"line":43,"column":4},"end":{"line":43,"column":63}},"line":43},"5":{"name":"(anonymous_5)","decl":{"start":{"line":47,"column":19},"end":{"line":47,"column":20}},"loc":{"start":{"line":47,"column":35},"end":{"line":51,"column":1}},"line":47},"6":{"name":"(anonymous_6)","decl":{"start":{"line":49,"column":14},"end":{"line":49,"column":15}},"loc":{"start":{"line":49,"column":20},"end":{"line":49,"column":36}},"line":49},"7":{"name":"(anonymous_7)","decl":{"start":{"line":61,"column":15},"end":{"line":61,"column":16}},"loc":{"start":{"line":61,"column":39},"end":{"line":76,"column":1}},"line":61}},"branchMap":{"0":{"loc":{"start":{"line":4,"column":2},"end":{"line":11,"column":3}},"type":"switch","locations":[{"start":{"line":5,"column":4},"end":{"line":6,"column":41}},{"start":{"line":7,"column":4},"end":{"line":8,"column":54}},{"start":{"line":9,"column":4},"end":{"line":10,"column":18}}],"line":4},"1":{"loc":{"start":{"line":15,"column":2},"end":{"line":38,"column":3}},"type":"switch","locations":[{"start":{"line":16,"column":4},"end":{"line":23,"column":7}},{"start":{"line":24,"column":4},"end":{"line":24,"column":19}},{"start":{"line":25,"column":4},"end":{"line":29,"column":7}},{"start":{"line":30,"column":4},"end":{"line":30,"column":21}},{"start":{"line":31,"column":4},"end":{"line":35,"column":7}},{"start":{"line":36,"column":4},"end":{"line":37,"column":18}}],"line":15},"2":{"loc":{"start":{"line":61,"column":16},"end":{"line":61,"column":26}},"type":"default-arg","locations":[{"start":{"line":61,"column":24},"end":{"line":61,"column":26}}],"line":61},"3":{"loc":{"start":{"line":63,"column":2},"end":{"line":65,"column":3}},"type":"if","locations":[{"start":{"line":63,"column":2},"end":{"line":65,"column":3}},{"start":{"line":63,"column":2},"end":{"line":65,"column":3}}],"line":63},"4":{"loc":{"start":{"line":67,"column":2},"end":{"line":70,"column":3}},"type":"if","locations":[{"start":{"line":67,"column":2},"end":{"line":70,"column":3}},{"start":{"line":67,"column":2},"end":{"line":70,"column":3}}],"line":67}},"s":{"0":1,"1":2,"2":1,"3":1,"4":1,"5":0,"6":1,"7":4,"8":1,"9":2,"10":1,"11":0,"12":1,"13":3,"14":2,"15":1,"16":1,"17":1,"18":3,"19":1,"20":6,"21":6,"22":1,"23":5,"24":1,"25":1,"26":4},"f":{"0":2,"1":1,"2":4,"3":3,"4":2,"5":1,"6":3,"7":6},"b":{"0":[1,1,0],"1":[1,1,2,1,1,0],"2":[1],"3":[1,5],"4":[1,4]},"_coverageSchema":"1a1c01bbd47fc00a2c39e90264f33305004495a9","hash":"8c0eb3e3ba469b60697018dc7fe631fc468b62c3"}
}
