TN:
SF:src/actions/index.js
FN:10,(anonymous_0)
FN:15,(anonymous_1)
FN:20,(anonymous_2)
FN:26,(anonymous_3)
FN:32,(anonymous_4)
FN:38,(anonymous_5)
FNF:6
FNH:5
FNDA:1,(anonymous_0)
FNDA:1,(anonymous_1)
FNDA:1,(anonymous_2)
FNDA:1,(anonymous_3)
FNDA:1,(anonymous_4)
FNDA:0,(anonymous_5)
DA:1,2
DA:2,2
DA:3,2
DA:4,2
DA:5,2
DA:6,2
DA:7,2
DA:9,2
DA:10,2
DA:15,2
DA:20,2
DA:26,2
DA:32,2
DA:38,2
LF:14
LH:14
BRF:0
BRH:0
end_of_record
TN:
SF:src/containers/Node.js
FN:7,(anonymous_0)
FN:16,(anonymous_1)
FN:24,(anonymous_2)
FN:32,(anonymous_3)
FN:41,(anonymous_4)
FN:87,(anonymous_5)
FNF:6
FNH:5
FNDA:2,(anonymous_0)
FNDA:2,(anonymous_1)
FNDA:2,(anonymous_2)
FNDA:2,(anonymous_3)
FNDA:9,(anonymous_4)
FNDA:0,(anonymous_5)
DA:7,9
DA:8,2
DA:9,2
DA:10,1
DA:12,1
DA:16,9
DA:17,2
DA:19,2
DA:20,2
DA:21,2
DA:24,9
DA:25,2
DA:27,2
DA:28,2
DA:29,2
DA:32,9
DA:33,2
DA:34,2
DA:42,9
DA:43,9
DA:87,1
LF:21
LH:21
BRDA:9,0,0,1
BRDA:9,0,1,1
BRDA:48,1,0,7
BRDA:48,1,1,2
BRDA:51,2,0,9
BRDA:51,2,1,2
BRDA:58,3,0,9
BRDA:58,3,1,2
BRF:8
BRH:8
end_of_record
TN:
SF:src/reducers/index.js
FN:3,(anonymous_0)
FN:8,(anonymous_1)
FN:14,(anonymous_2)
FN:41,(anonymous_3)
FN:42,(anonymous_4)
FN:47,(anonymous_5)
FN:49,(anonymous_6)
FN:61,(anonymous_7)
FNF:8
FNH:8
FNDA:2,(anonymous_0)
FNDA:1,(anonymous_1)
FNDA:4,(anonymous_2)
FNDA:3,(anonymous_3)
FNDA:2,(anonymous_4)
FNDA:1,(anonymous_5)
FNDA:3,(anonymous_6)
FNDA:6,(anonymous_7)
DA:3,1
DA:4,2
DA:6,1
DA:8,1
DA:10,0
DA:14,1
DA:15,4
DA:17,1
DA:26,2
DA:32,1
DA:37,0
DA:41,1
DA:42,3
DA:43,2
DA:47,1
DA:48,1
DA:49,3
DA:50,1
DA:62,6
DA:63,6
DA:64,1
DA:67,5
DA:68,1
DA:69,1
DA:72,4
LF:25
LH:23
BRDA:4,0,0,1
BRDA:4,0,1,1
BRDA:4,0,2,0
BRDA:15,1,0,1
BRDA:15,1,1,1
BRDA:15,1,2,2
BRDA:15,1,3,1
BRDA:15,1,4,1
BRDA:15,1,5,0
BRDA:61,2,0,1
BRDA:63,3,0,1
BRDA:63,3,1,5
BRDA:67,4,0,1
BRDA:67,4,1,4
BRF:14
BRH:12
end_of_record
